2025-07-01 10:13:17 [INFO] \U0001f680 Lancement du scraper Adzuna multi-pays (/history)
2025-07-01 10:13:17 [INFO] \U0001f30d Pays : AT
2025-07-01 10:13:18 [INFO] \u2705 Données récupérées pour AT (Austria)
2025-07-01 10:13:18 [INFO] \U0001f4c1 Fichier sauvegardé : C:\Users\ahana\Downloads\projet data lake\data\raw\adzuna\at_it_jobs_history_20250701_101318.json
2025-07-01 10:13:18 [INFO] \U0001f30d Pays : BE
2025-07-01 10:13:19 [INFO] \u2705 Données récupérées pour BE (Belgium)
2025-07-01 10:13:19 [INFO] \U0001f4c1 Fichier sauvegardé : C:\Users\ahana\Downloads\projet data lake\data\raw\adzuna\be_it_jobs_history_20250701_101319.json
2025-07-01 10:13:19 [INFO] \U0001f30d Pays : CH
2025-07-01 10:13:19 [INFO] \u2705 Données récupérées pour CH (Switzerland)
2025-07-01 10:13:19 [INFO] \U0001f4c1 Fichier sauvegardé : C:\Users\ahana\Downloads\projet data lake\data\raw\adzuna\ch_it_jobs_history_20250701_101319.json
2025-07-01 10:13:19 [INFO] \U0001f30d Pays : DE
2025-07-01 10:13:20 [INFO] \u2705 Données récupérées pour DE (Germany)
2025-07-01 10:13:20 [INFO] \U0001f4c1 Fichier sauvegardé : C:\Users\ahana\Downloads\projet data lake\data\raw\adzuna\de_it_jobs_history_20250701_101320.json
2025-07-01 10:13:20 [INFO] \U0001f30d Pays : ES
2025-07-01 10:13:20 [INFO] \u2705 Données récupérées pour ES (Spain)
2025-07-01 10:13:20 [INFO] \U0001f4c1 Fichier sauvegardé : C:\Users\ahana\Downloads\projet data lake\data\raw\adzuna\es_it_jobs_history_20250701_101320.json
2025-07-01 10:13:20 [INFO] \U0001f30d Pays : FR
2025-07-01 10:13:21 [INFO] \u2705 Données récupérées pour FR (France)
2025-07-01 10:13:21 [INFO] \U0001f4c1 Fichier sauvegardé : C:\Users\ahana\Downloads\projet data lake\data\raw\adzuna\fr_it_jobs_history_20250701_101321.json
2025-07-01 10:13:21 [INFO] \U0001f30d Pays : GB
2025-07-01 10:13:22 [INFO] \u2705 Données récupérées pour GB (UK)
2025-07-01 10:13:22 [INFO] \U0001f4c1 Fichier sauvegardé : C:\Users\ahana\Downloads\projet data lake\data\raw\adzuna\gb_it_jobs_history_20250701_101322.json
2025-07-01 10:13:22 [INFO] \U0001f30d Pays : IT
2025-07-01 10:13:22 [INFO] \u2705 Données récupérées pour IT (Italy)
2025-07-01 10:13:22 [INFO] \U0001f4c1 Fichier sauvegardé : C:\Users\ahana\Downloads\projet data lake\data\raw\adzuna\it_it_jobs_history_20250701_101322.json
2025-07-01 10:13:22 [INFO] \U0001f30d Pays : NL
2025-07-01 10:13:23 [INFO] \u2705 Données récupérées pour NL (Netherlands)
2025-07-01 10:13:23 [INFO] \U0001f4c1 Fichier sauvegardé : C:\Users\ahana\Downloads\projet data lake\data\raw\adzuna\nl_it_jobs_history_20250701_101323.json
2025-07-01 10:13:23 [INFO] \U0001f30d Pays : PL
2025-07-01 10:13:24 [INFO] \u2705 Données récupérées pour PL (Poland)
2025-07-01 10:13:24 [INFO] \U0001f4c1 Fichier sauvegardé : C:\Users\ahana\Downloads\projet data lake\data\raw\adzuna\pl_it_jobs_history_20250701_101324.json
2025-07-01 10:13:24 [INFO] \u2705 Fin du scraping
