2025-07-01 10:12:52 [INFO] \U0001f680 Lancement du scraper Adzuna multi-pays (/history)
2025-07-01 10:12:52 [INFO] \U0001f30d Pays : AT
2025-07-01 10:12:53 [INFO] \u2705 Données récupérées pour AT (Austria)
2025-07-01 10:12:53 [INFO] \U0001f4c1 Fichier sauvegardé : C:\Users\ahana\Downloads\projet data lake\data\raw\adzuna\at_it_jobs_history_20250701_101253.json
2025-07-01 10:12:53 [INFO] \U0001f30d Pays : BE
2025-07-01 10:12:54 [INFO] \u2705 Données récupérées pour BE (Belgium)
2025-07-01 10:12:54 [INFO] \U0001f4c1 Fichier sauvegardé : C:\Users\ahana\Downloads\projet data lake\data\raw\adzuna\be_it_jobs_history_20250701_101254.json
2025-07-01 10:12:54 [INFO] \U0001f30d Pays : CH
2025-07-01 10:12:55 [INFO] \u2705 Données récupérées pour CH (Switzerland)
2025-07-01 10:12:55 [INFO] \U0001f4c1 Fichier sauvegardé : C:\Users\ahana\Downloads\projet data lake\data\raw\adzuna\ch_it_jobs_history_20250701_101255.json
2025-07-01 10:12:55 [INFO] \U0001f30d Pays : DE
2025-07-01 10:12:56 [INFO] \u2705 Données récupérées pour DE (Germany)
2025-07-01 10:12:56 [INFO] \U0001f4c1 Fichier sauvegardé : C:\Users\ahana\Downloads\projet data lake\data\raw\adzuna\de_it_jobs_history_20250701_101256.json
2025-07-01 10:12:56 [INFO] \U0001f30d Pays : ES
2025-07-01 10:12:57 [INFO] \u2705 Données récupérées pour ES (Spain)
2025-07-01 10:12:57 [INFO] \U0001f4c1 Fichier sauvegardé : C:\Users\ahana\Downloads\projet data lake\data\raw\adzuna\es_it_jobs_history_20250701_101257.json
2025-07-01 10:12:57 [INFO] \U0001f30d Pays : FR
2025-07-01 10:12:58 [INFO] \u2705 Données récupérées pour FR (France)
2025-07-01 10:12:58 [INFO] \U0001f4c1 Fichier sauvegardé : C:\Users\ahana\Downloads\projet data lake\data\raw\adzuna\fr_it_jobs_history_20250701_101258.json
2025-07-01 10:12:58 [INFO] \U0001f30d Pays : GB
2025-07-01 10:12:59 [INFO] \u2705 Données récupérées pour GB (UK)
2025-07-01 10:12:59 [INFO] \U0001f4c1 Fichier sauvegardé : C:\Users\ahana\Downloads\projet data lake\data\raw\adzuna\gb_it_jobs_history_20250701_101259.json
2025-07-01 10:12:59 [INFO] \U0001f30d Pays : IT
2025-07-01 10:13:00 [INFO] \u2705 Données récupérées pour IT (Italy)
2025-07-01 10:13:00 [INFO] \U0001f4c1 Fichier sauvegardé : C:\Users\ahana\Downloads\projet data lake\data\raw\adzuna\it_it_jobs_history_20250701_101300.json
2025-07-01 10:13:00 [INFO] \U0001f30d Pays : NL
2025-07-01 10:13:01 [INFO] \u2705 Données récupérées pour NL (Netherlands)
2025-07-01 10:13:01 [INFO] \U0001f4c1 Fichier sauvegardé : C:\Users\ahana\Downloads\projet data lake\data\raw\adzuna\nl_it_jobs_history_20250701_101301.json
2025-07-01 10:13:01 [INFO] \U0001f30d Pays : PL
2025-07-01 10:13:02 [INFO] \u2705 Données récupérées pour PL (Poland)
2025-07-01 10:13:02 [INFO] \U0001f4c1 Fichier sauvegardé : C:\Users\ahana\Downloads\projet data lake\data\raw\adzuna\pl_it_jobs_history_20250701_101302.json
2025-07-01 10:13:02 [INFO] \u2705 Fin du scraping
